<?xml version="1.0" encoding="UTF-8"?>
<testsuite xmlns:xsi="http://www.w3.org/2001/XMLSchema-instance" xsi:noNamespaceSchemaLocation="https://maven.apache.org/surefire/maven-surefire-plugin/xsd/surefire-test-report-3.0.xsd" version="3.0" name="com.mbi.loan.originating.system.ProcessUnitTest" time="0.397" tests="1" errors="0" skipped="0" failures="0">
  <properties>
[...]
</properties>
  <testcase name="testHappyPath" classname="com.mbi.loan.originating.system.ProcessUnitTest" time="0.348">
    <system-out><![CDATA[12:11:10.186 [main] INFO  o.s.t.c.s.AnnotationConfigContextLoaderUtils - Could not detect default configuration classes for test class [com.mbi.loan.originating.system.ProcessUnitTest]: ProcessUnitTest does not declare any static, non-private, non-final, nested classes annotated with @Configuration.
12:11:10.195 [main] INFO  o.s.b.t.c.SpringBootTestContextBootstrapper - Found @SpringBootConfiguration com.mbi.loan.originating.system.CamundaApplication for test class com.mbi.loan.originating.system.ProcessUnitTest
12:11:10.436 [main] INFO  c.m.l.o.system.LoggerDelegate - 

  ... LoggerDelegate invoked by activityName='Log to console', activityId=ServiceTask_Logger, processDefinitionId=loan-originating-system:1:5, processInstanceId=6, businessKey=null, executionId=6, variables={
} 


12:11:10.549 [main] INFO  o.c.c.p.s.p.ProcessEngineCoverageTestExecutionListener - testHappyPath test method coverage is 1.0
]]></system-out>
  </testcase>
</testsuite>