<?xml version="1.0" encoding="UTF-8"?>
<testsuite xmlns:xsi="http://www.w3.org/2001/XMLSchema-instance" xsi:noNamespaceSchemaLocation="https://maven.apache.org/surefire/maven-surefire-plugin/xsd/surefire-test-report-3.0.xsd" version="3.0" name="com.mbi.loan.originating.system.ProcessScenarioTest" time="6.684" tests="1" errors="0" skipped="0" failures="0">
  <properties>
[...]
</properties>
  <testcase name="testHappyPath" classname="com.mbi.loan.originating.system.ProcessScenarioTest" time="0.035">
    <system-out><![CDATA[12:11:03.596 [main] INFO  o.s.t.c.s.AnnotationConfigContextLoaderUtils - Could not detect default configuration classes for test class [com.mbi.loan.originating.system.ProcessScenarioTest]: ProcessScenarioTest does not declare any static, non-private, non-final, nested classes annotated with @Configuration.
12:11:03.714 [main] INFO  o.s.b.t.c.SpringBootTestContextBootstrapper - Found @SpringBootConfiguration com.mbi.loan.originating.system.CamundaApplication for test class com.mbi.loan.originating.system.ProcessScenarioTest

 ____                                 _         ____  _       _    __                      
/ ___| __ _ _ __ ___  _   _ _ __   __| | __ _  |  _ \| | __ _| |_ / _| ___  _ __ _ __ ___  
| |   / _` | '_ ` _ \| | | | '_ \ / _` |/ _` | | |_) | |/ _` | __| |_ / _ \| '__| '_ ` _ \ 
| |__| (_| | | | | | | |_| | | | | (_| | (_| | |  __/| | (_| | |_|  _| (_) | |  | | | | | |
\____/\__,_|_| |_| |_|\__,_|_| |_|\__,_|\__,_| |_|   |_|\__,_|\__|_|  \___/|_|  |_| |_| |_|

  Spring-Boot:  (v3.2.4)
  Camunda Platform: (v7.21.0)
  Camunda Platform Spring Boot Starter: (v7.21.0)

12:11:04.216 [background-preinit] DEBUG org.jboss.logging - Logging Provider: org.jboss.logging.Slf4jLoggerProvider found via system property
12:11:04.216 [background-preinit] INFO  o.h.validator.internal.util.Version - HV000001: Hibernate Validator 8.0.1.Final
12:11:04.226 [background-preinit] DEBUG o.h.v.i.x.config.ValidationXmlParser - Trying to load META-INF/validation.xml for XML based Validator configuration.
12:11:04.228 [background-preinit] DEBUG o.h.v.i.x.c.ResourceLoaderHelper - Trying to load META-INF/validation.xml via TCCL
12:11:04.229 [background-preinit] DEBUG o.h.v.i.x.c.ResourceLoaderHelper - Trying to load META-INF/validation.xml via Hibernate Validator's class loader
12:11:04.229 [background-preinit] DEBUG o.h.v.i.x.config.ValidationXmlParser - No META-INF/validation.xml found. Using annotation based configuration only.
12:11:04.238 [background-preinit] DEBUG o.h.v.i.e.r.TraversableResolvers - Cannot find jakarta.persistence.Persistence on classpath. Assuming non JPA 2 environment. All properties will per default be traversable.
12:11:04.258 [main] INFO  c.m.l.o.system.ProcessScenarioTest - Starting ProcessScenarioTest using Java 18.0.2 with PID 4144 (started by USER in D:\Eclips\eclipse-workspace\Java_Practice\loan-originating-system)
12:11:04.259 [main] DEBUG c.m.l.o.system.ProcessScenarioTest - Running with Spring Boot v3.2.4, Spring v6.1.5
12:11:04.260 [main] INFO  c.m.l.o.system.ProcessScenarioTest - No active profile set, falling back to 1 default profile: "default"
12:11:04.301 [background-preinit] DEBUG o.h.v.m.ResourceBundleMessageInterpolator - Loaded expression factory via original TCCL
12:11:04.454 [background-preinit] DEBUG o.h.v.i.e.ValidatorFactoryConfigurationHelper - HV000252: Using org.hibernate.validator.internal.engine.DefaultPropertyNodeNameProvider as property node name provider.
12:11:04.463 [background-preinit] DEBUG o.h.v.i.e.ValidatorFactoryConfigurationHelper - HV000234: Using org.hibernate.validator.messageinterpolation.ResourceBundleMessageInterpolator as ValidatorFactory-scoped message interpolator.
12:11:04.463 [background-preinit] DEBUG o.h.v.i.e.ValidatorFactoryConfigurationHelper - HV000234: Using org.hibernate.validator.internal.engine.resolver.TraverseAllTraversableResolver as ValidatorFactory-scoped traversable resolver.
12:11:04.463 [background-preinit] DEBUG o.h.v.i.e.ValidatorFactoryConfigurationHelper - HV000234: Using org.hibernate.validator.internal.util.ExecutableParameterNameProvider as ValidatorFactory-scoped parameter name provider.
12:11:04.464 [background-preinit] DEBUG o.h.v.i.e.ValidatorFactoryConfigurationHelper - HV000234: Using org.hibernate.validator.internal.engine.DefaultClockProvider as ValidatorFactory-scoped clock provider.
12:11:04.464 [background-preinit] DEBUG o.h.v.i.e.ValidatorFactoryConfigurationHelper - HV000234: Using org.hibernate.validator.internal.engine.scripting.DefaultScriptEvaluatorFactory as ValidatorFactory-scoped script evaluator factory.
12:11:05.602 [main] DEBUG com.zaxxer.hikari.HikariConfig - Driver class org.h2.Driver found in Thread context class loader jdk.internal.loader.ClassLoaders$AppClassLoader@c387f44
12:11:05.715 [main] INFO  org.camunda.bpm.engine.cfg - ENGINE-12003 Plugin 'CompositeProcessEnginePlugin[genericPropertiesConfiguration, camundaProcessEngineConfiguration, camundaDatasourceConfiguration, camundaHistoryConfiguration, camundaMetricsConfiguration, camundaAuthorizationConfiguration, failedJobConfiguration, camundaConfiguration, disableDeploymentResourcePattern, eventPublisherPlugin, ApplicationContextClassloaderSwitchPlugin, SpringBootSpinProcessEnginePlugin]' activated on process engine 'default'
12:11:05.716 [main] INFO  org.camunda.bpm.spring.boot - STARTER-SB020 ProcessApplication enabled: autoDeployment via springConfiguration#deploymentResourcePattern is disabled
12:11:05.719 [main] INFO  o.c.b.s.b.s.e.EventPublisherPlugin - EVENTING-001: Initialized Camunda Spring Boot Eventing Engine Plugin.
12:11:05.719 [main] INFO  o.c.b.s.b.s.e.EventPublisherPlugin - EVENTING-003: Task events will be published as Spring Events.
12:11:05.719 [main] INFO  o.c.b.s.b.s.e.EventPublisherPlugin - EVENTING-005: Execution events will be published as Spring Events.
12:11:05.719 [main] INFO  o.c.b.s.b.s.e.EventPublisherPlugin - EVENTING-009: Listeners will not be invoked if a skipCustomListeners API parameter is set to true by user.
12:11:05.721 [main] INFO  o.c.b.s.b.s.e.EventPublisherPlugin - EVENTING-007: History events will be published as Spring events.
12:11:05.724 [main] INFO  org.camunda.spin - SPIN-01010 Discovered Spin data format provider: org.camunda.spin.impl.json.jackson.format.JacksonJsonDataFormatProvider[name = application/json]
12:11:05.725 [main] INFO  org.camunda.spin - SPIN-01010 Discovered Spin data format provider: org.camunda.spin.impl.xml.dom.format.DomXmlDataFormatProvider[name = application/xml]
12:11:05.735 [main] INFO  org.camunda.spin - SPIN-01009 Discovered Spin data format: org.camunda.spin.impl.xml.dom.format.DomXmlDataFormat[name = application/xml]
12:11:05.735 [main] INFO  org.camunda.spin - SPIN-01009 Discovered Spin data format: org.camunda.spin.impl.json.jackson.format.JacksonJsonDataFormat[name = application/json]
12:11:05.739 [main] INFO  org.camunda.bpm.dmn.feel.scala - FEEL/SCALA-01001 Spin value mapper detected
12:11:05.739 [main] INFO  org.camunda.feel.FeelEngine - Engine created. [value-mapper: CompositeValueMapper(List(org.camunda.feel.impl.JavaValueMapper@29280ca6, org.camunda.spin.plugin.impl.feel.integration.SpinValueMapper@7c7a4986)), function-provider: org.camunda.bpm.dmn.feel.impl.scala.function.CustomFunctionTransformer@32d3b965, clock: SystemClock, configuration: {externalFunctionsEnabled: false}]
12:11:05.752 [main] DEBUG com.zaxxer.hikari.HikariConfig - HikariPool-1 - configuration:
12:11:05.758 [main] DEBUG com.zaxxer.hikari.HikariConfig - allowPoolSuspension.............false
12:11:05.759 [main] DEBUG com.zaxxer.hikari.HikariConfig - autoCommit......................true
12:11:05.759 [main] DEBUG com.zaxxer.hikari.HikariConfig - catalog.........................none
12:11:05.759 [main] DEBUG com.zaxxer.hikari.HikariConfig - connectionInitSql...............none
12:11:05.760 [main] DEBUG com.zaxxer.hikari.HikariConfig - connectionTestQuery.............none
12:11:05.760 [main] DEBUG com.zaxxer.hikari.HikariConfig - connectionTimeout...............30000
12:11:05.760 [main] DEBUG com.zaxxer.hikari.HikariConfig - dataSource......................none
12:11:05.760 [main] DEBUG com.zaxxer.hikari.HikariConfig - dataSourceClassName.............none
12:11:05.760 [main] DEBUG com.zaxxer.hikari.HikariConfig - dataSourceJNDI..................none
12:11:05.761 [main] DEBUG com.zaxxer.hikari.HikariConfig - dataSourceProperties............{password=<masked>}
12:11:05.762 [main] DEBUG com.zaxxer.hikari.HikariConfig - driverClassName................."org.h2.Driver"
12:11:05.763 [main] DEBUG com.zaxxer.hikari.HikariConfig - exceptionOverrideClassName......none
12:11:05.763 [main] DEBUG com.zaxxer.hikari.HikariConfig - healthCheckProperties...........{}
12:11:05.764 [main] DEBUG com.zaxxer.hikari.HikariConfig - healthCheckRegistry.............none
12:11:05.764 [main] DEBUG com.zaxxer.hikari.HikariConfig - idleTimeout.....................600000
12:11:05.765 [main] DEBUG com.zaxxer.hikari.HikariConfig - initializationFailTimeout.......1
12:11:05.766 [main] DEBUG com.zaxxer.hikari.HikariConfig - isolateInternalQueries..........false
12:11:05.767 [main] DEBUG com.zaxxer.hikari.HikariConfig - jdbcUrl.........................jdbc:h2:mem:camunda-spring-boot-test;DB_CLOSE_ON_EXIT=false
12:11:05.767 [main] DEBUG com.zaxxer.hikari.HikariConfig - keepaliveTime...................0
12:11:05.767 [main] DEBUG com.zaxxer.hikari.HikariConfig - leakDetectionThreshold..........0
12:11:05.768 [main] DEBUG com.zaxxer.hikari.HikariConfig - maxLifetime.....................1800000
12:11:05.768 [main] DEBUG com.zaxxer.hikari.HikariConfig - maximumPoolSize.................10
12:11:05.768 [main] DEBUG com.zaxxer.hikari.HikariConfig - metricRegistry..................none
12:11:05.768 [main] DEBUG com.zaxxer.hikari.HikariConfig - metricsTrackerFactory...........none
12:11:05.768 [main] DEBUG com.zaxxer.hikari.HikariConfig - minimumIdle.....................10
12:11:05.768 [main] DEBUG com.zaxxer.hikari.HikariConfig - password........................<masked>
12:11:05.768 [main] DEBUG com.zaxxer.hikari.HikariConfig - poolName........................"HikariPool-1"
12:11:05.769 [main] DEBUG com.zaxxer.hikari.HikariConfig - readOnly........................false
12:11:05.769 [main] DEBUG com.zaxxer.hikari.HikariConfig - registerMbeans..................false
12:11:05.769 [main] DEBUG com.zaxxer.hikari.HikariConfig - scheduledExecutor...............none
12:11:05.769 [main] DEBUG com.zaxxer.hikari.HikariConfig - schema..........................none
12:11:05.769 [main] DEBUG com.zaxxer.hikari.HikariConfig - threadFactory...................internal
12:11:05.769 [main] DEBUG com.zaxxer.hikari.HikariConfig - transactionIsolation............default
12:11:05.769 [main] DEBUG com.zaxxer.hikari.HikariConfig - username........................"sa"
12:11:05.770 [main] DEBUG com.zaxxer.hikari.HikariConfig - validationTimeout...............5000
12:11:05.770 [main] INFO  com.zaxxer.hikari.HikariDataSource - HikariPool-1 - Starting...
12:11:05.787 [main] INFO  com.zaxxer.hikari.pool.HikariPool - HikariPool-1 - Added connection conn1: url=jdbc:h2:mem:camunda-spring-boot-test user=SA
12:11:05.790 [main] INFO  com.zaxxer.hikari.HikariDataSource - HikariPool-1 - Start completed.
12:11:05.903 [HikariPool-1 housekeeper] DEBUG com.zaxxer.hikari.pool.HikariPool - HikariPool-1 - Pool stats (total=1, active=0, idle=1, waiting=0)
12:11:05.904 [HikariPool-1 connection adder] DEBUG com.zaxxer.hikari.pool.HikariPool - HikariPool-1 - Added connection conn2: url=jdbc:h2:mem:camunda-spring-boot-test user=SA
12:11:05.915 [HikariPool-1 connection adder] DEBUG com.zaxxer.hikari.pool.HikariPool - HikariPool-1 - Added connection conn3: url=jdbc:h2:mem:camunda-spring-boot-test user=SA
12:11:05.928 [HikariPool-1 connection adder] DEBUG com.zaxxer.hikari.pool.HikariPool - HikariPool-1 - Added connection conn4: url=jdbc:h2:mem:camunda-spring-boot-test user=SA
12:11:05.939 [HikariPool-1 connection adder] DEBUG com.zaxxer.hikari.pool.HikariPool - HikariPool-1 - Added connection conn5: url=jdbc:h2:mem:camunda-spring-boot-test user=SA
12:11:05.950 [HikariPool-1 connection adder] DEBUG com.zaxxer.hikari.pool.HikariPool - HikariPool-1 - Added connection conn6: url=jdbc:h2:mem:camunda-spring-boot-test user=SA
12:11:05.962 [HikariPool-1 connection adder] DEBUG com.zaxxer.hikari.pool.HikariPool - HikariPool-1 - Added connection conn7: url=jdbc:h2:mem:camunda-spring-boot-test user=SA
12:11:05.974 [HikariPool-1 connection adder] DEBUG com.zaxxer.hikari.pool.HikariPool - HikariPool-1 - Added connection conn8: url=jdbc:h2:mem:camunda-spring-boot-test user=SA
12:11:05.985 [HikariPool-1 connection adder] DEBUG com.zaxxer.hikari.pool.HikariPool - HikariPool-1 - Added connection conn9: url=jdbc:h2:mem:camunda-spring-boot-test user=SA
12:11:05.997 [HikariPool-1 connection adder] DEBUG com.zaxxer.hikari.pool.HikariPool - HikariPool-1 - Added connection conn10: url=jdbc:h2:mem:camunda-spring-boot-test user=SA
12:11:06.008 [HikariPool-1 connection adder] DEBUG com.zaxxer.hikari.pool.HikariPool - HikariPool-1 - After adding stats (total=10, active=0, idle=10, waiting=0)
12:11:07.087 [main] INFO  org.camunda.bpm.engine.persistence - ENGINE-03016 Performing database operation 'create' on component 'engine' with resource 'org/camunda/bpm/engine/db/create/activiti.h2.create.engine.sql'
12:11:07.118 [main] INFO  org.camunda.bpm.engine.persistence - ENGINE-03016 Performing database operation 'create' on component 'history' with resource 'org/camunda/bpm/engine/db/create/activiti.h2.create.history.sql'
12:11:07.128 [main] INFO  org.camunda.bpm.engine.persistence - ENGINE-03016 Performing database operation 'create' on component 'identity' with resource 'org/camunda/bpm/engine/db/create/activiti.h2.create.identity.sql'
12:11:07.140 [main] INFO  org.camunda.bpm.engine.persistence - ENGINE-03016 Performing database operation 'create' on component 'case.engine' with resource 'org/camunda/bpm/engine/db/create/activiti.h2.create.case.engine.sql'
12:11:07.142 [main] INFO  org.camunda.bpm.engine.persistence - ENGINE-03016 Performing database operation 'create' on component 'case.history' with resource 'org/camunda/bpm/engine/db/create/activiti.h2.create.case.history.sql'
12:11:07.145 [main] INFO  org.camunda.bpm.engine.persistence - ENGINE-03016 Performing database operation 'create' on component 'decision.engine' with resource 'org/camunda/bpm/engine/db/create/activiti.h2.create.decision.engine.sql'
12:11:07.150 [main] INFO  org.camunda.bpm.engine.persistence - ENGINE-03016 Performing database operation 'create' on component 'decision.history' with resource 'org/camunda/bpm/engine/db/create/activiti.h2.create.decision.history.sql'
12:11:07.156 [main] INFO  org.camunda.bpm.engine.persistence - ENGINE-03067 No history level property found in database
12:11:07.156 [main] INFO  org.camunda.bpm.engine.persistence - ENGINE-03065 Creating historyLevel property in database for level: HistoryLevelFull(name=full, id=3)
12:11:07.166 [main] INFO  org.camunda.bpm.engine - ENGINE-00001 Process Engine default created.
12:11:07.313 [main] INFO  o.c.b.s.b.s.r.CamundaJerseyResourceConfig - Configuring camunda rest api.
12:11:07.367 [main] INFO  o.c.b.s.b.s.r.CamundaJerseyResourceConfig - Finished configuring camunda rest api.
12:11:07.750 [main] DEBUG o.h.v.m.ResourceBundleMessageInterpolator - Loaded expression factory via original TCCL
12:11:07.754 [main] DEBUG o.h.v.i.e.AbstractConfigurationImpl - Setting custom MessageInterpolator of type org.springframework.validation.beanvalidation.LocaleContextMessageInterpolator
12:11:07.755 [main] DEBUG o.h.v.i.e.AbstractConfigurationImpl - Setting custom ConstraintValidatorFactory of type org.springframework.validation.beanvalidation.SpringConstraintValidatorFactory
12:11:07.757 [main] DEBUG o.h.v.i.x.config.ValidationXmlParser - Trying to load META-INF/validation.xml for XML based Validator configuration.
12:11:07.757 [main] DEBUG o.h.v.i.x.c.ResourceLoaderHelper - Trying to load META-INF/validation.xml via user class loader
12:11:07.758 [main] DEBUG o.h.v.i.x.c.ResourceLoaderHelper - Trying to load META-INF/validation.xml via TCCL
12:11:07.758 [main] DEBUG o.h.v.i.x.c.ResourceLoaderHelper - Trying to load META-INF/validation.xml via Hibernate Validator's class loader
12:11:07.758 [main] DEBUG o.h.v.i.x.config.ValidationXmlParser - No META-INF/validation.xml found. Using annotation based configuration only.
12:11:07.760 [main] DEBUG o.h.v.i.e.r.TraversableResolvers - Cannot find jakarta.persistence.Persistence on classpath. Assuming non JPA 2 environment. All properties will per default be traversable.
12:11:07.762 [main] DEBUG o.h.v.i.e.ValidatorFactoryConfigurationHelper - HV000252: Using org.hibernate.validator.internal.engine.DefaultPropertyNodeNameProvider as property node name provider.
12:11:07.762 [main] DEBUG o.h.v.i.e.ValidatorFactoryConfigurationHelper - HV000234: Using org.springframework.validation.beanvalidation.LocaleContextMessageInterpolator as ValidatorFactory-scoped message interpolator.
12:11:07.763 [main] DEBUG o.h.v.i.e.ValidatorFactoryConfigurationHelper - HV000234: Using org.hibernate.validator.internal.engine.resolver.TraverseAllTraversableResolver as ValidatorFactory-scoped traversable resolver.
12:11:07.763 [main] DEBUG o.h.v.i.e.ValidatorFactoryConfigurationHelper - HV000234: Using org.hibernate.validator.internal.util.ExecutableParameterNameProvider as ValidatorFactory-scoped parameter name provider.
12:11:07.763 [main] DEBUG o.h.v.i.e.ValidatorFactoryConfigurationHelper - HV000234: Using org.hibernate.validator.internal.engine.DefaultClockProvider as ValidatorFactory-scoped clock provider.
12:11:07.763 [main] DEBUG o.h.v.i.e.ValidatorFactoryConfigurationHelper - HV000234: Using org.hibernate.validator.internal.engine.scripting.DefaultScriptEvaluatorFactory as ValidatorFactory-scoped script evaluator factory.
12:11:07.925 [main] DEBUG _.s.w.s.HandlerMapping.Mappings - 
	o.s.b.a.w.s.e.BasicErrorController:
	{ [/error]}: error(HttpServletRequest)
	{ [/error], produces [text/html]}: errorHtml(HttpServletRequest,HttpServletResponse)
12:11:07.950 [main] DEBUG _.s.w.s.HandlerMapping.Mappings - 'viewControllerHandlerMapping' {/=ParameterizableViewController [view=org.springframework.web.servlet.view.RedirectView: [RedirectView]; URL [/camunda/app/]]}
12:11:07.954 [main] DEBUG _.s.w.s.HandlerMapping.Mappings - 'beanNameHandlerMapping' {}
12:11:08.002 [main] DEBUG _.s.w.s.HandlerMapping.Mappings - 'resourceHandlerMapping' {/webjars/**=ResourceHttpRequestHandler [classpath [META-INF/resources/webjars/]], /**=ResourceHttpRequestHandler [classpath [META-INF/resources/], classpath [resources/], classpath [static/], classpath [public/], ServletContext [/]], /camunda/lib/**=ResourceHttpRequestHandler [classpath [META-INF/resources/webjars/camunda/lib/]], /camunda/api/**=ResourceHttpRequestHandler [classpath [api/]], /camunda/app/**=ResourceHttpRequestHandler [classpath [META-INF/resources/webjars/camunda/app/]], /camunda/assets/**=ResourceHttpRequestHandler [classpath [META-INF/resources/webjars/camunda/assets/]], /camunda/favicon.ico=ResourceHttpRequestHandler [classpath [META-INF/resources/webjars/camunda]]}
12:11:08.475 [main] INFO  org.camunda.bpm.container - ENGINE-08024 Found processes.xml file at file:/D:/Eclips/eclipse-workspace/Java_Practice/loan-originating-system/target/classes/META-INF/processes.xml
12:11:08.475 [main] INFO  org.camunda.bpm.container - ENGINE-08025 Detected empty processes.xml file, using default values
12:11:08.599 [main] INFO  org.camunda.bpm.container - ENGINE-08023 Deployment summary for process archive 'loan-originating-system': 

        LOS.bpmn
        process.bpmn

12:11:08.683 [main] INFO  org.camunda.bpm.application - ENGINE-07021 ProcessApplication 'loan-originating-system' registered for DB deployments [1]. Will execute process definitions 

        LoanOriginatingSystemProcess[version: 1, id: LoanOriginatingSystemProcess:1:4]
        loan-originating-system[version: 1, id: loan-originating-system:1:5]
Deployment does not provide any case definitions.
12:11:08.691 [main] INFO  org.camunda.bpm.container - ENGINE-08050 Process application loan-originating-system successfully deployed
12:11:08.693 [main] INFO  c.m.l.o.system.ProcessScenarioTest - Started ProcessScenarioTest in 4.79 seconds (process running for 11.889)
12:11:10.143 [main] INFO  o.c.c.p.s.p.ProcessEngineCoverageTestExecutionListener - testHappyPath test method coverage is NaN
]]></system-out>
  </testcase>
</testsuite>